#
# A fatal error has been detected by the Java Runtime Environment:
#
#  SIGSEGV (0xb) at pc=0x0000000104e80618, pid=2870, tid=17923
#
# JRE version: Java(TM) SE Runtime Environment (8.0_45-b14) (build 1.8.0_45-b14)
# Java VM: Java HotSpot(TM) 64-Bit Server VM (25.45-b02 mixed mode bsd-amd64 compressed oops)
# Problematic frame:
# V  [libjvm.dylib+0x136618]  Optimizer::eliminate_null_checks()+0x58
#
# Failed to write core dump. Core dumps have been disabled. To enable core dumping, try "ulimit -c unlimited" before starting Java again
#
# If you would like to submit a bug report, please visit:
#   http://bugreport.java.com/bugreport/crash.jsp
#

---------------  T H R E A D  ---------------

Current thread (0x00007f8f19804000):  JavaThread "C1 CompilerThread2" daemon [_thread_in_native, id=17923, stack(0x0000700000cbe000,0x0000700000dbe000)]

siginfo: si_signo: 11 (SIGSEGV), si_code: 0 (unknown), si_addr: 0x0000000000000000

Registers:
RAX=0x0000000000018360, RBX=0x0000700000dbd390, RCX=0x00007f8f19a421e8, RDX=0x0000000105623d40
RSP=0x0000700000dbd2a0, RBP=0x0000700000dbd380, RSI=0x00007f8f19a765d0, RDI=0x0000000000000102
R8 =0x0000000000000000, R9 =0x00007f8f19a3b6a0, R10=0x00000000ffffffff, R11=0xffffffffff8e9ec0
R12=0x00007f8f1a0736c0, R13=0x00007f8f19a765d0, R14=0x0000000105557cf0, R15=0x0000700000dbd2d8
RIP=0x0000000104e80618, EFLAGS=0x0000000000010206, ERR=0x0000000000000000
  TRAPNO=0x000000000000000d

Top of Stack: (sp=0x0000700000dbd2a0)
0x0000700000dbd2a0:   0000700000dbd2e0 0000000104e440fa
0x0000700000dbd2b0:   0000700000dbd438 000000000000001d
0x0000700000dbd2c0:   00007f8f19a3c230 0000700000dbd438
0x0000700000dbd2d0:   0000000000000000 0000000000000003
0x0000700000dbd2e0:   0000700000dbd3a0 0000000104e946e5
0x0000700000dbd2f0:   000000000000001d 00007f8f19a765d0
0x0000700000dbd300:   00007f8f19a3b560 000000000000000c
0x0000700000dbd310:   000000000000000c 00007f8f19a76d70
0x0000700000dbd320:   00000001055d5920 00000001055d5940
0x0000700000dbd330:   00007f8f1940d130 00007f8f19a3a200
0x0000700000dbd340:   00007f8f19a3c250 00007f8f19a421e8
0x0000700000dbd350:   0000000000018360 0000700000dbd390
0x0000700000dbd360:   00007f8f1a0736c0 00007f8f19a765d0
0x0000700000dbd370:   0000700000dbd3b8 00000000ffffffff
0x0000700000dbd380:   0000700000dbd3a0 0000000104e42aee
0x0000700000dbd390:   00007f8f19a765d0 0000700000dbd700
0x0000700000dbd3a0:   0000700000dbd500 0000000104e2e252
0x0000700000dbd3b0:   000000011833ed58 0000000118530000
0x0000700000dbd3c0:   0000000000000000 000000010522bf17
0x0000700000dbd3d0:   0000700000dbd300 00007f8f1a074610
0x0000700000dbd3e0:   0000700000dbd3f0 0000000000000000
0x0000700000dbd3f0:   0000700000000004 0000000104eb0000
0x0000700000dbd400:   0000000000000000 00007f8f19a72c00
0x0000700000dbd410:   00007f8f19a76500 00007f8f19a7abe8
0x0000700000dbd420:   00000000000083b0 0000000000000000
0x0000700000dbd430:   0000000100000005 0000000105536d40
0x0000700000dbd440:   0000700000dbd700 00007f8f19a3c150
0x0000700000dbd450:   000070000000000d 00007f8f19a3b630
0x0000700000dbd460:   0000000000000000 0000700000dbd500
0x0000700000dbd470:   0000000000000000 00007f8f1a073600
0x0000700000dbd480:   00007f8f19a3b6a0 0000000000000056
0x0000700000dbd490:   00007f8f1a073601 0000000118330000 

Instructions: (pc=0x0000000104e80618)
0x0000000104e805f8:   b8 48 8b 48 18 48 89 4d c0 48 8b 48 20 48 89 4d
0x0000000104e80608:   c8 48 8b 40 28 48 89 45 d0 4c 8d bd 58 ff ff ff
0x0000000104e80618:   4c 89 ff 48 89 de e8 3f 06 00 00 48 8b 03 48 8b
0x0000000104e80628:   40 08 48 8b 70 48 48 8b bd 70 ff ff ff e8 a2 f8 

Register to memory mapping:

RAX=0x0000000000018360 is an unknown value
RBX=0x0000700000dbd390 is pointing into the stack for thread: 0x00007f8f19804000
RCX=0x00007f8f19a421e8 is an unknown value
RDX=0x0000000105623d40: _ZL6timers+0x60 in /Library/Java/JavaVirtualMachines/jdk1.8.0_45.jdk/Contents/Home/jre/lib/server/libjvm.dylib at 0x0000000104d4a000
RSP=0x0000700000dbd2a0 is pointing into the stack for thread: 0x00007f8f19804000
RBP=0x0000700000dbd380 is pointing into the stack for thread: 0x00007f8f19804000
RSI=0x00007f8f19a765d0 is an unknown value
RDI=0x0000000000000102 is an unknown value
R8 =0x0000000000000000 is an unknown value
R9 =0x00007f8f19a3b6a0 is an unknown value
R10=0x00000000ffffffff is an unknown value
R11=0xffffffffff8e9ec0 is an unknown value
R12=0x00007f8f1a0736c0 is an unknown value
R13=0x00007f8f19a765d0 is an unknown value
R14=0x0000000105557cf0: _ZN18ThreadLocalStorage13_thread_indexE+0 in /Library/Java/JavaVirtualMachines/jdk1.8.0_45.jdk/Contents/Home/jre/lib/server/libjvm.dylib at 0x0000000104d4a000
R15=0x0000700000dbd2d8 is pointing into the stack for thread: 0x00007f8f19804000


Stack: [0x0000700000cbe000,0x0000700000dbe000],  sp=0x0000700000dbd2a0,  free space=1020k
Native frames: (J=compiled Java code, j=interpreted, Vv=VM code, C=native code)
V  [libjvm.dylib+0x136618]  Optimizer::eliminate_null_checks()+0x58
V  [libjvm.dylib+0xf8aee]  IR::eliminate_null_checks()+0x20
V  [libjvm.dylib+0xe4252]  Compilation::build_hir()+0x1ba
V  [libjvm.dylib+0xe42ce]  Compilation::compile_java_method()+0x58
V  [libjvm.dylib+0xe44f7]  Compilation::compile_method()+0x6d
V  [libjvm.dylib+0xe470c]  Compilation::Compilation(AbstractCompiler*, ciEnv*, ciMethod*, int, BufferBlob*)+0x1a2
V  [libjvm.dylib+0xe4e8e]  Compiler::compile_method(ciEnv*, ciMethod*, int)+0x90
V  [libjvm.dylib+0x1b03ee]  CompileBroker::invoke_compiler_on_method(CompileTask*)+0x5b2
V  [libjvm.dylib+0x1b2935]  CompileBroker::compiler_thread_loop()+0x291
V  [libjvm.dylib+0x549acf]  JavaThread::thread_main_inner()+0x9b
V  [libjvm.dylib+0x54b1c0]  JavaThread::run()+0x1c2
V  [libjvm.dylib+0x46ea7e]  java_start(Thread*)+0xf6
C  [libsystem_pthread.dylib+0x399d]  _pthread_body+0x83
C  [libsystem_pthread.dylib+0x391a]  _pthread_body+0x0
C  [libsystem_pthread.dylib+0x1351]  thread_start+0xd
C  0x0000000000000000


Current CompileTask:
C1:   4514 1526  s    2       com.android.dx.dex.file.TypeIdsSection::intern (62 bytes)


---------------  P R O C E S S  ---------------

Java Threads: ( => current thread )
  0x00007f8f19828000 JavaThread "Service Thread" daemon [_thread_blocked, id=18435, stack(0x0000700000dc1000,0x0000700000ec1000)]
=>0x00007f8f19804000 JavaThread "C1 CompilerThread2" daemon [_thread_in_native, id=17923, stack(0x0000700000cbe000,0x0000700000dbe000)]
  0x00007f8f1a81d800 JavaThread "C2 CompilerThread1" daemon [_thread_in_native, id=17411, stack(0x0000700000bbb000,0x0000700000cbb000)]
  0x00007f8f1a034000 JavaThread "C2 CompilerThread0" daemon [_thread_in_native, id=16899, stack(0x0000700000ab8000,0x0000700000bb8000)]
  0x00007f8f1a818800 JavaThread "Signal Dispatcher" daemon [_thread_blocked, id=13839, stack(0x00007000009b5000,0x0000700000ab5000)]
  0x00007f8f1981b000 JavaThread "Finalizer" daemon [_thread_blocked, id=11779, stack(0x000070000082f000,0x000070000092f000)]
  0x00007f8f19814800 JavaThread "Reference Handler" daemon [_thread_blocked, id=11267, stack(0x000070000072c000,0x000070000082c000)]
  0x00007f8f1980c000 JavaThread "main" [_thread_in_Java, id=4099, stack(0x0000700000084000,0x0000700000184000)]

Other Threads:
  0x00007f8f1a059800 VMThread [stack: 0x0000700000629000,0x0000700000729000] [id=10755]
  0x00007f8f19829000 WatcherThread [stack: 0x0000700000ec4000,0x0000700000fc4000] [id=18947]

VM state:not at safepoint (normal execution)

VM Mutex/Monitor currently owned by a thread: None

Heap:
 PSYoungGen      total 38400K, used 6295K [0x00000007aab00000, 0x00000007af600000, 0x00000007c0000000)
  eden space 33280K, 3% used [0x00000007aab00000,0x00000007aac2dc30,0x00000007acb80000)
  from space 5120K, 99% used [0x00000007acb80000,0x00000007ad078018,0x00000007ad080000)
  to   space 5120K, 0% used [0x00000007af100000,0x00000007af100000,0x00000007af600000)
 ParOldGen       total 87552K, used 9940K [0x0000000780000000, 0x0000000785580000, 0x00000007aab00000)
  object space 87552K, 11% used [0x0000000780000000,0x00000007809b5030,0x0000000785580000)
 Metaspace       used 6042K, capacity 6960K, committed 7040K, reserved 1056768K
  class space    used 598K, capacity 616K, committed 640K, reserved 1048576K

Card table byte_map: [0x00000001159c0000,0x0000000115bc1000] byte_map_base: 0x0000000111dc0000

Marking Bits: (ParMarkBitMap*) 0x000000010560c7a0
 Begin Bits: [0x0000000115d17000, 0x0000000116d17000)
 End Bits:   [0x0000000116d17000, 0x0000000117d17000)

Polling page: 0x0000000105cf6000

CodeCache: size=245760Kb used=4500Kb max_used=4511Kb free=241259Kb
 bounds [0x0000000106600000, 0x0000000106a70000, 0x0000000115600000]
 total_blobs=1568 nmethods=1300 adapters=182
 compilation: enabled

Compilation events (10 events):
Event: 4.406 Thread 0x00007f8f1a034000 1506       4       com.android.dx.rop.cst.CstString::compareTo0 (15 bytes)
Event: 4.427 Thread 0x00007f8f1a034000 nmethod 1506 0x0000000106a65710 code [0x0000000106a65860, 0x0000000106a659f8]
Event: 4.427 Thread 0x00007f8f1a034000 1508       4       com.android.dx.rop.type.Type::compareTo (9 bytes)
Event: 4.428 Thread 0x00007f8f1a034000 nmethod 1508 0x0000000106a66e10 code [0x0000000106a66f60, 0x0000000106a670f8]
Event: 4.428 Thread 0x00007f8f1a034000 1421       4       com.android.dx.dex.code.CodeAddress::<init> (7 bytes)
Event: 4.429 Thread 0x00007f8f1a034000 nmethod 1421 0x0000000106a67210 code [0x0000000106a67360, 0x0000000106a67418]
Event: 4.429 Thread 0x00007f8f1a034000 1232       4       java.util.TreeMap::getEntry (84 bytes)
Event: 4.431 Thread 0x00007f8f1a034000 nmethod 1232 0x0000000106a66a10 code [0x0000000106a66b60, 0x0000000106a66cd8]
Event: 4.431 Thread 0x00007f8f1a034000 1319 %     4       com.android.dx.ssa.SsaMethod::getUseListCopy @ 24 (56 bytes)
Event: 4.447 Thread 0x00007f8f19804000 1526  s    2       com.android.dx.dex.file.TypeIdsSection::intern (62 bytes)

GC Heap History (6 events):
Event: 2.512 GC heap before
{Heap before GC invocations=1 (full 0):
 PSYoungGen      total 38400K, used 33280K [0x00000007aab00000, 0x00000007ad580000, 0x00000007c0000000)
  eden space 33280K, 100% used [0x00000007aab00000,0x00000007acb80000,0x00000007acb80000)
  from space 5120K, 0% used [0x00000007ad080000,0x00000007ad080000,0x00000007ad580000)
  to   space 5120K, 0% used [0x00000007acb80000,0x00000007acb80000,0x00000007ad080000)
 ParOldGen       total 87552K, used 0K [0x0000000780000000, 0x0000000785580000, 0x00000007aab00000)
  object space 87552K, 0% used [0x0000000780000000,0x0000000780000000,0x0000000785580000)
 Metaspace       used 5786K, capacity 6768K, committed 7040K, reserved 1056768K
  class space    used 584K, capacity 616K, committed 640K, reserved 1048576K
Event: 2.523 GC heap after
Heap after GC invocations=1 (full 0):
 PSYoungGen      total 38400K, used 5092K [0x00000007aab00000, 0x00000007ad580000, 0x00000007c0000000)
  eden space 33280K, 0% used [0x00000007aab00000,0x00000007aab00000,0x00000007acb80000)
  from space 5120K, 99% used [0x00000007acb80000,0x00000007ad0791e0,0x00000007ad080000)
  to   space 5120K, 0% used [0x00000007ad080000,0x00000007ad080000,0x00000007ad580000)
 ParOldGen       total 87552K, used 1206K [0x0000000780000000, 0x0000000785580000, 0x00000007aab00000)
  object space 87552K, 1% used [0x0000000780000000,0x000000078012d800,0x0000000785580000)
 Metaspace       used 5786K, capacity 6768K, committed 7040K, reserved 1056768K
  class space    used 584K, capacity 616K, committed 640K, reserved 1048576K
}
Event: 3.503 GC heap before
{Heap before GC invocations=2 (full 0):
 PSYoungGen      total 38400K, used 38372K [0x00000007aab00000, 0x00000007ad580000, 0x00000007c0000000)
  eden space 33280K, 100% used [0x00000007aab00000,0x00000007acb80000,0x00000007acb80000)
  from space 5120K, 99% used [0x00000007acb80000,0x00000007ad0791e0,0x00000007ad080000)
  to   space 5120K, 0% used [0x00000007ad080000,0x00000007ad080000,0x00000007ad580000)
 ParOldGen       total 87552K, used 1206K [0x0000000780000000, 0x0000000785580000, 0x00000007aab00000)
  object space 87552K, 1% used [0x0000000780000000,0x000000078012d800,0x0000000785580000)
 Metaspace       used 5885K, capacity 6832K, committed 7040K, reserved 1056768K
  class space    used 590K, capacity 616K, committed 640K, reserved 1048576K
Event: 3.529 GC heap after
Heap after GC invocations=2 (full 0):
 PSYoungGen      total 38400K, used 5114K [0x00000007aab00000, 0x00000007af600000, 0x00000007c0000000)
  eden space 33280K, 0% used [0x00000007aab00000,0x00000007aab00000,0x00000007acb80000)
  from space 5120K, 99% used [0x00000007ad080000,0x00000007ad57eac8,0x00000007ad580000)
  to   space 5120K, 0% used [0x00000007acb80000,0x00000007acb80000,0x00000007ad080000)
 ParOldGen       total 87552K, used 5398K [0x0000000780000000, 0x0000000785580000, 0x00000007aab00000)
  object space 87552K, 6% used [0x0000000780000000,0x0000000780545b58,0x0000000785580000)
 Metaspace       used 5885K, capacity 6832K, committed 7040K, reserved 1056768K
  class space    used 590K, capacity 616K, committed 640K, reserved 1048576K
}
Event: 4.295 GC heap before
{Heap before GC invocations=3 (full 0):
 PSYoungGen      total 38400K, used 38394K [0x00000007aab00000, 0x00000007af600000, 0x00000007c0000000)
  eden space 33280K, 100% used [0x00000007aab00000,0x00000007acb80000,0x00000007acb80000)
  from space 5120K, 99% used [0x00000007ad080000,0x00000007ad57eac8,0x00000007ad580000)
  to   space 5120K, 0% used [0x00000007acb80000,0x00000007acb80000,0x00000007ad080000)
 ParOldGen       total 87552K, used 5398K [0x0000000780000000, 0x0000000785580000, 0x00000007aab00000)
  object space 87552K, 6% used [0x0000000780000000,0x0000000780545b58,0x0000000785580000)
 Metaspace       used 6005K, capacity 6960K, committed 7040K, reserved 1056768K
  class space    used 596K, capacity 616K, committed 640K, reserved 1048576K
Event: 4.310 GC heap after
Heap after GC invocations=3 (full 0):
 PSYoungGen      total 38400K, used 5088K [0x00000007aab00000, 0x00000007af600000, 0x00000007c0000000)
  eden space 33280K, 0% used [0x00000007aab00000,0x00000007aab00000,0x00000007acb80000)
  from space 5120K, 99% used [0x00000007acb80000,0x00000007ad078018,0x00000007ad080000)
  to   space 5120K, 0% used [0x00000007af100000,0x00000007af100000,0x00000007af600000)
 ParOldGen       total 87552K, used 9940K [0x0000000780000000, 0x0000000785580000, 0x00000007aab00000)
  object space 87552K, 11% used [0x0000000780000000,0x00000007809b5030,0x0000000785580000)
 Metaspace       used 6005K, capacity 6960K, committed 7040K, reserved 1056768K
  class space    used 596K, capacity 616K, committed 640K, reserved 1048576K
}

Deoptimization events (10 events):
Event: 2.922 Thread 0x00007f8f1b11c000 Uncommon trap: reason=unstable_if action=reinterpret pc=0x00000001069181d8 method=com.android.dx.ssa.NormalSsaInsn.getLocalAssignment()Lcom/android/dx/rop/code/RegisterSpec; @ 12
Event: 2.922 Thread 0x00007f8f1b11e000 Uncommon trap: reason=unstable_if action=reinterpret pc=0x00000001069181d8 method=com.android.dx.ssa.NormalSsaInsn.getLocalAssignment()Lcom/android/dx/rop/code/RegisterSpec; @ 12
Event: 2.932 Thread 0x00007f8f1b11c000 Uncommon trap: reason=unstable_if action=reinterpret pc=0x00000001068b48d4 method=com.android.dx.ssa.NormalSsaInsn.getLocalAssignment()Lcom/android/dx/rop/code/RegisterSpec; @ 12
Event: 2.932 Thread 0x00007f8f1b11e000 Uncommon trap: reason=unstable_if action=reinterpret pc=0x00000001068b48d4 method=com.android.dx.ssa.NormalSsaInsn.getLocalAssignment()Lcom/android/dx/rop/code/RegisterSpec; @ 12
Event: 3.596 Thread 0x00007f8f1b0b4800 Uncommon trap: reason=unstable_if action=reinterpret pc=0x0000000106855b9c method=com.android.dx.rop.cst.Constant.compareTo(Lcom/android/dx/rop/cst/Constant;)I @ 12
Event: 3.682 Thread 0x00007f8f1b0b4800 Uncommon trap: reason=null_check action=make_not_entrant pc=0x0000000106839368 method=com.android.dx.rop.type.Type.equals(Ljava/lang/Object;)Z @ 8
Event: 4.101 Thread 0x00007f8f1980c000 Uncommon trap: reason=bimorphic action=maybe_recompile pc=0x000000010680fee4 method=java.util.HashMap.getNode(ILjava/lang/Object;)Ljava/util/HashMap$Node; @ 126
Event: 4.102 Thread 0x00007f8f1980c000 Uncommon trap: reason=bimorphic action=maybe_recompile pc=0x000000010680fee4 method=java.util.HashMap.getNode(ILjava/lang/Object;)Ljava/util/HashMap$Node; @ 126
Event: 4.219 Thread 0x00007f8f1980c000 Uncommon trap: reason=bimorphic action=maybe_recompile pc=0x000000010680fee4 method=java.util.HashMap.getNode(ILjava/lang/Object;)Ljava/util/HashMap$Node; @ 126
Event: 4.219 Thread 0x00007f8f1980c000 Uncommon trap: reason=bimorphic action=maybe_recompile pc=0x000000010683efec method=java.util.HashMap.getNode(ILjava/lang/Object;)Ljava/util/HashMap$Node; @ 126

Internal exceptions (3 events):
Event: 0.077 Thread 0x00007f8f1980c000 Exception <a 'java/lang/NoSuchMethodError': Method sun.misc.Unsafe.defineClass(Ljava/lang/String;[BII)Ljava/lang/Class; name or signature does not match> (0x00000007aab12af8) thrown at [/Users/java_re/workspace/8-2-build-macosx-x86_64/jdk8u45/3457/hotspot
Event: 0.077 Thread 0x00007f8f1980c000 Exception <a 'java/lang/NoSuchMethodError': Method sun.misc.Unsafe.prefetchRead(Ljava/lang/Object;J)V name or signature does not match> (0x00000007aab12d88) thrown at [/Users/java_re/workspace/8-2-build-macosx-x86_64/jdk8u45/3457/hotspot/src/share/vm/prim
Event: 3.682 Thread 0x00007f8f1b0b4800 Implicit null exception at 0x0000000106839262 to 0x000000010683935b

Events (10 events):
Event: 4.271 loading class com/android/dx/dex/file/CatchStructs
Event: 4.271 loading class com/android/dx/dex/file/CatchStructs done
Event: 4.295 Executing VM operation: ParallelGCFailedAllocation
Event: 4.310 Executing VM operation: ParallelGCFailedAllocation done
Event: 4.323 Thread 0x00007f8f1980c000 DEOPT PACKING pc=0x0000000106a49dc0 sp=0x00007000001833c0
Event: 4.323 Thread 0x00007f8f1980c000 DEOPT UNPACKING pc=0x0000000106647633 sp=0x0000700000183170 mode 0
Event: 4.363 loading class com/android/dx/dex/file/ProtoIdItem
Event: 4.363 loading class com/android/dx/dex/file/ProtoIdItem done
Event: 4.383 Executing VM operation: EnableBiasedLocking
Event: 4.404 Executing VM operation: EnableBiasedLocking done


Dynamic libraries:
0x0000000002d37000 	/System/Library/Frameworks/Cocoa.framework/Versions/A/Cocoa
0x0000000002d37000 	/System/Library/Frameworks/Security.framework/Versions/A/Security
0x0000000002d37000 	/System/Library/Frameworks/ApplicationServices.framework/Versions/A/ApplicationServices
0x0000000002d37000 	/usr/lib/libz.1.dylib
0x0000000002d37000 	/usr/lib/libSystem.B.dylib
0x0000000002d37000 	/usr/lib/libobjc.A.dylib
0x0000000002d37000 	/System/Library/Frameworks/CoreFoundation.framework/Versions/A/CoreFoundation
0x0000000002d37000 	/System/Library/Frameworks/Foundation.framework/Versions/C/Foundation
0x0000000002d37000 	/System/Library/Frameworks/AppKit.framework/Versions/C/AppKit
0x0000000002d37000 	/System/Library/Frameworks/CoreData.framework/Versions/A/CoreData
0x0000000002d37000 	/System/Library/PrivateFrameworks/RemoteViewServices.framework/Versions/A/RemoteViewServices
0x0000000002d37000 	/System/Library/PrivateFrameworks/UIFoundation.framework/Versions/A/UIFoundation
0x0000000002d37000 	/usr/lib/libScreenReader.dylib
0x0000000002d37000 	/System/Library/Frameworks/Accelerate.framework/Versions/A/Accelerate
0x0000000002d37000 	/System/Library/Frameworks/IOSurface.framework/Versions/A/IOSurface
0x0000000002d37000 	/System/Library/Frameworks/AudioToolbox.framework/Versions/A/AudioToolbox
0x0000000002d37000 	/System/Library/Frameworks/AudioUnit.framework/Versions/A/AudioUnit
0x0000000002d37000 	/System/Library/PrivateFrameworks/DataDetectorsCore.framework/Versions/A/DataDetectorsCore
0x0000000002d37000 	/System/Library/PrivateFrameworks/DesktopServicesPriv.framework/Versions/A/DesktopServicesPriv
0x0000000002d37000 	/System/Library/Frameworks/Carbon.framework/Versions/A/Frameworks/HIToolbox.framework/Versions/A/HIToolbox
0x0000000002d37000 	/System/Library/Frameworks/QuartzCore.framework/Versions/A/QuartzCore
0x0000000002d37000 	/System/Library/Frameworks/Carbon.framework/Versions/A/Frameworks/SpeechRecognition.framework/Versions/A/SpeechRecognition
0x0000000002d37000 	/usr/lib/libauto.dylib
0x0000000002d37000 	/usr/lib/libicucore.A.dylib
0x0000000002d37000 	/usr/lib/libxml2.2.dylib
0x0000000002d37000 	/System/Library/PrivateFrameworks/CoreUI.framework/Versions/A/CoreUI
0x0000000002d37000 	/System/Library/Frameworks/CoreAudio.framework/Versions/A/CoreAudio
0x0000000002d37000 	/System/Library/Frameworks/DiskArbitration.framework/Versions/A/DiskArbitration
0x0000000002d37000 	/usr/lib/liblangid.dylib
0x0000000002d37000 	/System/Library/PrivateFrameworks/MultitouchSupport.framework/Versions/A/MultitouchSupport
0x0000000002d37000 	/System/Library/Frameworks/IOKit.framework/Versions/A/IOKit
0x0000000002d37000 	/usr/lib/libDiagnosticMessagesClient.dylib
0x0000000002d37000 	/System/Library/Frameworks/CoreServices.framework/Versions/A/CoreServices
0x0000000002d37000 	/System/Library/PrivateFrameworks/PerformanceAnalysis.framework/Versions/A/PerformanceAnalysis
0x0000000002d37000 	/System/Library/PrivateFrameworks/GenerationalStorage.framework/Versions/A/GenerationalStorage
0x0000000002d37000 	/System/Library/Frameworks/OpenGL.framework/Versions/A/OpenGL
0x0000000002d37000 	/System/Library/PrivateFrameworks/Sharing.framework/Versions/A/Sharing
0x0000000002d37000 	/System/Library/Frameworks/CoreGraphics.framework/Versions/A/CoreGraphics
0x0000000002d37000 	/System/Library/Frameworks/CoreImage.framework/Versions/A/CoreImage
0x0000000002d37000 	/System/Library/Frameworks/CoreText.framework/Versions/A/CoreText
0x0000000002d37000 	/System/Library/Frameworks/ImageIO.framework/Versions/A/ImageIO
0x0000000002d37000 	/System/Library/PrivateFrameworks/Backup.framework/Versions/A/Backup
0x0000000002d37000 	/usr/lib/libextension.dylib
0x0000000002d37000 	/usr/lib/libarchive.2.dylib
0x0000000002d37000 	/System/Library/Frameworks/CFNetwork.framework/Versions/A/CFNetwork
0x0000000002d37000 	/System/Library/Frameworks/SystemConfiguration.framework/Versions/A/SystemConfiguration
0x0000000002d37000 	/usr/lib/libCRFSuite.dylib
0x0000000002d37000 	/usr/lib/libc++.1.dylib
0x0000000002d37000 	/usr/lib/libc++abi.dylib
0x0000000002d37000 	/usr/lib/system/libcache.dylib
0x0000000002d37000 	/usr/lib/system/libcommonCrypto.dylib
0x0000000002d37000 	/usr/lib/system/libcompiler_rt.dylib
0x0000000002d37000 	/usr/lib/system/libcopyfile.dylib
0x0000000002d37000 	/usr/lib/system/libcorecrypto.dylib
0x0000000002d37000 	/usr/lib/system/libdispatch.dylib
0x0000000002d37000 	/usr/lib/system/libdyld.dylib
0x0000000002d37000 	/usr/lib/system/libkeymgr.dylib
0x0000000002d37000 	/usr/lib/system/liblaunch.dylib
0x0000000002d37000 	/usr/lib/system/libmacho.dylib
0x0000000002d37000 	/usr/lib/system/libquarantine.dylib
0x0000000002d37000 	/usr/lib/system/libremovefile.dylib
0x0000000002d37000 	/usr/lib/system/libsystem_asl.dylib
0x0000000002d37000 	/usr/lib/system/libsystem_blocks.dylib
0x0000000002d37000 	/usr/lib/system/libsystem_c.dylib
0x0000000002d37000 	/usr/lib/system/libsystem_configuration.dylib
0x0000000002d37000 	/usr/lib/system/libsystem_coreservices.dylib
0x0000000002d37000 	/usr/lib/system/libsystem_coretls.dylib
0x0000000002d37000 	/usr/lib/system/libsystem_dnssd.dylib
0x0000000002d37000 	/usr/lib/system/libsystem_info.dylib
0x0000000002d37000 	/usr/lib/system/libsystem_kernel.dylib
0x0000000002d37000 	/usr/lib/system/libsystem_m.dylib
0x0000000002d37000 	/usr/lib/system/libsystem_malloc.dylib
0x0000000002d37000 	/usr/lib/system/libsystem_network.dylib
0x0000000002d37000 	/usr/lib/system/libsystem_networkextension.dylib
0x0000000002d37000 	/usr/lib/system/libsystem_notify.dylib
0x0000000002d37000 	/usr/lib/system/libsystem_platform.dylib
0x0000000002d37000 	/usr/lib/system/libsystem_pthread.dylib
0x0000000002d37000 	/usr/lib/system/libsystem_sandbox.dylib
0x0000000002d37000 	/usr/lib/system/libsystem_secinit.dylib
0x0000000002d37000 	/usr/lib/system/libsystem_trace.dylib
0x0000000002d37000 	/usr/lib/system/libunc.dylib
0x0000000002d37000 	/usr/lib/system/libunwind.dylib
0x0000000002d37000 	/usr/lib/system/libxpc.dylib
0x0000000002d37000 	/usr/lib/libenergytrace.dylib
0x0000000002d37000 	/usr/lib/libbsm.0.dylib
0x0000000002d37000 	/usr/lib/system/libkxld.dylib
0x0000000002d37000 	/usr/lib/libxar.1.dylib
0x0000000002d37000 	/usr/lib/libsqlite3.dylib
0x0000000002d37000 	/usr/lib/libpam.2.dylib
0x0000000002d37000 	/usr/lib/libOpenScriptingUtil.dylib
0x0000000002d37000 	/usr/lib/libbz2.1.0.dylib
0x0000000002d37000 	/usr/lib/liblzma.5.dylib
0x0000000002d37000 	/System/Library/Frameworks/CoreServices.framework/Versions/A/Frameworks/FSEvents.framework/Versions/A/FSEvents
0x0000000002d37000 	/System/Library/Frameworks/CoreServices.framework/Versions/A/Frameworks/CarbonCore.framework/Versions/A/CarbonCore
0x0000000002d37000 	/System/Library/Frameworks/CoreServices.framework/Versions/A/Frameworks/Metadata.framework/Versions/A/Metadata
0x0000000002d37000 	/System/Library/Frameworks/CoreServices.framework/Versions/A/Frameworks/OSServices.framework/Versions/A/OSServices
0x0000000002d37000 	/System/Library/Frameworks/CoreServices.framework/Versions/A/Frameworks/SearchKit.framework/Versions/A/SearchKit
0x0000000002d37000 	/System/Library/Frameworks/CoreServices.framework/Versions/A/Frameworks/AE.framework/Versions/A/AE
0x0000000002d37000 	/System/Library/Frameworks/CoreServices.framework/Versions/A/Frameworks/LaunchServices.framework/Versions/A/LaunchServices
0x0000000002d37000 	/System/Library/Frameworks/CoreServices.framework/Versions/A/Frameworks/DictionaryServices.framework/Versions/A/DictionaryServices
0x0000000002d37000 	/System/Library/Frameworks/CoreServices.framework/Versions/A/Frameworks/SharedFileList.framework/Versions/A/SharedFileList
0x0000000002d37000 	/System/Library/Frameworks/NetFS.framework/Versions/A/NetFS
0x0000000002d37000 	/System/Library/PrivateFrameworks/NetAuth.framework/Versions/A/NetAuth
0x0000000002d37000 	/System/Library/PrivateFrameworks/login.framework/Versions/A/Frameworks/loginsupport.framework/Versions/A/loginsupport
0x0000000002d37000 	/System/Library/PrivateFrameworks/TCC.framework/Versions/A/TCC
0x0000000002d37000 	/usr/lib/libmecabra.dylib
0x0000000002d37000 	/System/Library/Frameworks/ApplicationServices.framework/Versions/A/Frameworks/ATS.framework/Versions/A/ATS
0x0000000002d37000 	/System/Library/Frameworks/ApplicationServices.framework/Versions/A/Frameworks/ColorSync.framework/Versions/A/ColorSync
0x0000000002d37000 	/System/Library/Frameworks/ApplicationServices.framework/Versions/A/Frameworks/HIServices.framework/Versions/A/HIServices
0x0000000002d37000 	/System/Library/Frameworks/ApplicationServices.framework/Versions/A/Frameworks/LangAnalysis.framework/Versions/A/LangAnalysis
0x0000000002d37000 	/System/Library/Frameworks/ApplicationServices.framework/Versions/A/Frameworks/PrintCore.framework/Versions/A/PrintCore
0x0000000002d37000 	/System/Library/Frameworks/ApplicationServices.framework/Versions/A/Frameworks/QD.framework/Versions/A/QD
0x0000000002d37000 	/System/Library/Frameworks/ApplicationServices.framework/Versions/A/Frameworks/SpeechSynthesis.framework/Versions/A/SpeechSynthesis
0x0000000002d37000 	/System/Library/Frameworks/Metal.framework/Versions/A/Metal
0x0000000002d37000 	/System/Library/Frameworks/Accelerate.framework/Versions/A/Frameworks/vImage.framework/Versions/A/vImage
0x0000000002d37000 	/System/Library/Frameworks/Accelerate.framework/Versions/A/Frameworks/vecLib.framework/Versions/A/vecLib
0x0000000002d37000 	/System/Library/Frameworks/Accelerate.framework/Versions/A/Frameworks/vecLib.framework/Versions/A/libvDSP.dylib
0x0000000002d37000 	/System/Library/Frameworks/Accelerate.framework/Versions/A/Frameworks/vecLib.framework/Versions/A/libvMisc.dylib
0x0000000002d37000 	/System/Library/Frameworks/Accelerate.framework/Versions/A/Frameworks/vecLib.framework/Versions/A/libLAPACK.dylib
0x0000000002d37000 	/System/Library/Frameworks/Accelerate.framework/Versions/A/Frameworks/vecLib.framework/Versions/A/libBLAS.dylib
0x0000000002d37000 	/System/Library/Frameworks/Accelerate.framework/Versions/A/Frameworks/vecLib.framework/Versions/A/libLinearAlgebra.dylib
0x0000000002d37000 	/System/Library/Frameworks/Accelerate.framework/Versions/A/Frameworks/vecLib.framework/Versions/A/libSparseBLAS.dylib
0x0000000002d37000 	/System/Library/PrivateFrameworks/GPUCompiler.framework/libmetal_timestamp.dylib
0x0000000002d37000 	/System/Library/Frameworks/OpenGL.framework/Versions/A/Libraries/libCoreFSCache.dylib
0x0000000002d37000 	/System/Library/PrivateFrameworks/IOAccelerator.framework/Versions/A/IOAccelerator
0x0000000002d37000 	/System/Library/Frameworks/ApplicationServices.framework/Versions/A/Frameworks/ATS.framework/Versions/A/Resources/libFontParser.dylib
0x0000000002d37000 	/System/Library/Frameworks/ApplicationServices.framework/Versions/A/Frameworks/ATS.framework/Versions/A/Resources/libFontRegistry.dylib
0x0000000002d37000 	/System/Library/PrivateFrameworks/AppleVPA.framework/Versions/A/AppleVPA
0x0000000002d37000 	/System/Library/PrivateFrameworks/AppleJPEG.framework/Versions/A/AppleJPEG
0x0000000002d37000 	/System/Library/Frameworks/ImageIO.framework/Versions/A/Resources/libJPEG.dylib
0x0000000002d37000 	/System/Library/Frameworks/ImageIO.framework/Versions/A/Resources/libTIFF.dylib
0x0000000002d37000 	/System/Library/Frameworks/ImageIO.framework/Versions/A/Resources/libPng.dylib
0x0000000002d37000 	/System/Library/Frameworks/ImageIO.framework/Versions/A/Resources/libGIF.dylib
0x0000000002d37000 	/System/Library/Frameworks/ImageIO.framework/Versions/A/Resources/libJP2.dylib
0x0000000002d37000 	/System/Library/Frameworks/ImageIO.framework/Versions/A/Resources/libRadiance.dylib
0x0000000002d37000 	/System/Library/Frameworks/CoreVideo.framework/Versions/A/CoreVideo
0x0000000002d37000 	/System/Library/Frameworks/OpenGL.framework/Versions/A/Libraries/libGLU.dylib
0x0000000002d37000 	/System/Library/Frameworks/OpenGL.framework/Versions/A/Libraries/libGFXShared.dylib
0x0000000002d37000 	/System/Library/Frameworks/OpenGL.framework/Versions/A/Libraries/libGL.dylib
0x0000000002d37000 	/System/Library/Frameworks/OpenGL.framework/Versions/A/Libraries/libGLImage.dylib
0x0000000002d37000 	/System/Library/Frameworks/OpenGL.framework/Versions/A/Libraries/libCVMSPluginSupport.dylib
0x0000000002d37000 	/System/Library/Frameworks/OpenGL.framework/Versions/A/Libraries/libCoreVMClient.dylib
0x0000000002d37000 	/usr/lib/libcups.2.dylib
0x0000000002d37000 	/System/Library/Frameworks/Kerberos.framework/Versions/A/Kerberos
0x0000000002d37000 	/System/Library/Frameworks/GSS.framework/Versions/A/GSS
0x0000000002d37000 	/usr/lib/libresolv.9.dylib
0x0000000002d37000 	/usr/lib/libiconv.2.dylib
0x0000000002d37000 	/System/Library/PrivateFrameworks/Heimdal.framework/Versions/A/Heimdal
0x0000000002d37000 	/usr/lib/libheimdal-asn1.dylib
0x0000000002d37000 	/System/Library/Frameworks/OpenDirectory.framework/Versions/A/OpenDirectory
0x0000000002d37000 	/System/Library/PrivateFrameworks/CommonAuth.framework/Versions/A/CommonAuth
0x0000000002d37000 	/System/Library/Frameworks/OpenDirectory.framework/Versions/A/Frameworks/CFOpenDirectory.framework/Versions/A/CFOpenDirectory
0x0000000002d37000 	/System/Library/Frameworks/SecurityFoundation.framework/Versions/A/SecurityFoundation
0x0000000002d37000 	/System/Library/PrivateFrameworks/LanguageModeling.framework/Versions/A/LanguageModeling
0x0000000002d37000 	/usr/lib/libmarisa.dylib
0x0000000002d37000 	/usr/lib/libChineseTokenizer.dylib
0x0000000002d37000 	/usr/lib/libcmph.dylib
0x0000000002d37000 	/usr/lib/libcompression.dylib
0x0000000002d37000 	/System/Library/Frameworks/ServiceManagement.framework/Versions/A/ServiceManagement
0x0000000002d37000 	/usr/lib/libxslt.1.dylib
0x0000000002d37000 	/System/Library/Frameworks/Carbon.framework/Versions/A/Frameworks/Ink.framework/Versions/A/Ink
0x0000000002d37000 	/usr/lib/libFosl_dynamic.dylib
0x0000000002d37000 	/System/Library/PrivateFrameworks/FaceCore.framework/Versions/A/FaceCore
0x0000000002d37000 	/System/Library/Frameworks/OpenCL.framework/Versions/A/OpenCL
0x0000000002d37000 	/System/Library/PrivateFrameworks/CrashReporterSupport.framework/Versions/A/CrashReporterSupport
0x0000000002d37000 	/System/Library/PrivateFrameworks/IconServices.framework/Versions/A/IconServices
0x0000000002d37000 	/System/Library/PrivateFrameworks/Apple80211.framework/Versions/A/Apple80211
0x0000000002d37000 	/System/Library/Frameworks/CoreWLAN.framework/Versions/A/CoreWLAN
0x0000000002d37000 	/System/Library/Frameworks/IOBluetooth.framework/Versions/A/IOBluetooth
0x0000000002d37000 	/System/Library/PrivateFrameworks/CoreWiFi.framework/Versions/A/CoreWiFi
0x0000000002d37000 	/System/Library/Frameworks/CoreBluetooth.framework/Versions/A/CoreBluetooth
0x0000000002d37000 	/System/Library/PrivateFrameworks/ChunkingLibrary.framework/Versions/A/ChunkingLibrary
0x0000000002d37000 	/System/Library/PrivateFrameworks/DebugSymbols.framework/Versions/A/DebugSymbols
0x0000000002d37000 	/System/Library/PrivateFrameworks/CoreSymbolication.framework/Versions/A/CoreSymbolication
0x0000000002d37000 	/System/Library/PrivateFrameworks/Symbolication.framework/Versions/A/Symbolication
0x0000000002d37000 	/System/Library/PrivateFrameworks/SpeechRecognitionCore.framework/Versions/A/SpeechRecognitionCore
0x0000000104d4a000 	/Library/Java/JavaVirtualMachines/jdk1.8.0_45.jdk/Contents/Home/jre/lib/server/libjvm.dylib
0x0000000002d37000 	/usr/lib/libstdc++.6.dylib
0x0000000105cb3000 	/Library/Java/JavaVirtualMachines/jdk1.8.0_45.jdk/Contents/Home/jre/lib/libverify.dylib
0x0000000105cc1000 	/Library/Java/JavaVirtualMachines/jdk1.8.0_45.jdk/Contents/Home/jre/lib/libjava.dylib
0x0000000105d04000 	/Library/Java/JavaVirtualMachines/jdk1.8.0_45.jdk/Contents/Home/jre/lib/libzip.dylib
0x0000000119911000 	/System/Library/Frameworks/JavaVM.framework/Frameworks/JavaRuntimeSupport.framework/JavaRuntimeSupport
0x000000011992c000 	/System/Library/Frameworks/JavaVM.framework/Versions/A/Frameworks/JavaNativeFoundation.framework/Versions/A/JavaNativeFoundation
0x0000000119941000 	/System/Library/Frameworks/JavaVM.framework/Versions/A/JavaVM
0x0000000002d37000 	/System/Library/Frameworks/Carbon.framework/Versions/A/Carbon
0x000000011994e000 	/System/Library/PrivateFrameworks/JavaLaunching.framework/Versions/A/JavaLaunching
0x0000000002d37000 	/System/Library/Frameworks/Carbon.framework/Versions/A/Frameworks/CommonPanels.framework/Versions/A/CommonPanels
0x0000000002d37000 	/System/Library/Frameworks/Carbon.framework/Versions/A/Frameworks/Help.framework/Versions/A/Help
0x0000000002d37000 	/System/Library/Frameworks/Carbon.framework/Versions/A/Frameworks/ImageCapture.framework/Versions/A/ImageCapture
0x0000000002d37000 	/System/Library/Frameworks/Carbon.framework/Versions/A/Frameworks/OpenScripting.framework/Versions/A/OpenScripting
0x0000000002d37000 	/System/Library/Frameworks/Carbon.framework/Versions/A/Frameworks/Print.framework/Versions/A/Print
0x0000000002d37000 	/System/Library/Frameworks/Carbon.framework/Versions/A/Frameworks/SecurityHI.framework/Versions/A/SecurityHI

VM Arguments:
jvm_args: -Djava.awt.headless=true -Xmx1024M -Dfile.encoding=UTF-8 -Duser.country=US -Duser.language=en -Duser.variant 
java_command: com.android.dx.command.Main --dex --num-threads=4 --output /Users/annali/AndroidStudioProjects/chickentinder2/app/build/intermediates/pre-dexed/debug/com.google.android.gms-play-services-nearby-8.4.0_290a65ddf6255134da57faa07e410d54e987a1f4.jar /Users/annali/AndroidStudioProjects/chickentinder2/app/build/intermediates/exploded-aar/com.google.android.gms/play-services-nearby/8.4.0/jars/classes.jar
java_class_path (initial): /Users/annali/Documents/College/Summer2015/SoftwareDevelopment/android-sdk-macosx/build-tools/23.0.3/lib/dx.jar
Launcher Type: SUN_STANDARD

Environment Variables:
PATH=/usr/bin:/bin:/usr/sbin:/sbin
SHELL=/bin/bash
DISPLAY=/private/tmp/com.apple.launchd.WCIFXXdRti/org.macosforge.xquartz:0

Signal Handlers:
SIGSEGV: [libjvm.dylib+0x58ef95], sa_mask[0]=11111111011111110111111111111111, sa_flags=SA_ONSTACK|SA_RESTART|SA_SIGINFO
SIGBUS: [libjvm.dylib+0x58ef95], sa_mask[0]=11111111011111110111111111111111, sa_flags=SA_RESTART|SA_SIGINFO
SIGFPE: [libjvm.dylib+0x46c108], sa_mask[0]=11111111011111110111111111111111, sa_flags=SA_RESTART|SA_SIGINFO
SIGPIPE: [libjvm.dylib+0x46c108], sa_mask[0]=11111111011111110111111111111111, sa_flags=SA_RESTART|SA_SIGINFO
SIGXFSZ: [libjvm.dylib+0x46c108], sa_mask[0]=11111111011111110111111111111111, sa_flags=SA_RESTART|SA_SIGINFO
SIGILL: [libjvm.dylib+0x46c108], sa_mask[0]=11111111011111110111111111111111, sa_flags=SA_RESTART|SA_SIGINFO
SIGUSR1: SIG_DFL, sa_mask[0]=00000000000000000000000000000000, sa_flags=none
SIGUSR2: [libjvm.dylib+0x46bc26], sa_mask[0]=00100000000000000000000000000000, sa_flags=SA_RESTART|SA_SIGINFO
SIGHUP: [libjvm.dylib+0x46a1f9], sa_mask[0]=11111111011111110111111111111111, sa_flags=SA_RESTART|SA_SIGINFO
SIGINT: [libjvm.dylib+0x46a1f9], sa_mask[0]=11111111011111110111111111111111, sa_flags=SA_RESTART|SA_SIGINFO
SIGTERM: [libjvm.dylib+0x46a1f9], sa_mask[0]=11111111011111110111111111111111, sa_flags=SA_RESTART|SA_SIGINFO
SIGQUIT: [libjvm.dylib+0x46a1f9], sa_mask[0]=11111111011111110111111111111111, sa_flags=SA_RESTART|SA_SIGINFO


---------------  S Y S T E M  ---------------

OS:Bsduname:Darwin 15.4.0 Darwin Kernel Version 15.4.0: Fri Feb 26 22:08:05 PST 2016; root:xnu-3248.40.184~3/RELEASE_X86_64 x86_64
rlimit: STACK 8192k, CORE 0k, NPROC 709, NOFILE 10240, AS infinity
load average:26.62 8.44 4.87

CPU:total 4 (2 cores per cpu, 2 threads per core) family 6 model 58 stepping 9, cmov, cx8, fxsr, mmx, sse, sse2, sse3, ssse3, sse4.1, sse4.2, popcnt, avx, aes, clmul, erms, ht, tsc, tscinvbit, tscinv

Memory: 4k page, physical 8388608k(275908k free)

/proc/meminfo:


vm_info: Java HotSpot(TM) 64-Bit Server VM (25.45-b02) for bsd-amd64 JRE (1.8.0_45-b14), built on Apr 10 2015 10:46:38 by "java_re" with gcc 4.2.1 (Based on Apple Inc. build 5658) (LLVM build 2336.11.00)

time: Sat Apr  2 11:02:37 2016
elapsed time: 4 seconds (0d 0h 0m 4s)

